::1 - - [08/Nov/2021:17:22:50 +0000] "GET / HTTP/1.1" 200 7070 "-" "Mozilla/5.0 (Windows NT 10.0; WOW64) AppleWebKit/537.36 (KHTML, like Gecko) Chrome/95.0.4638.69 Safari/537.36"
::1 - - [08/Nov/2021:17:22:50 +0000] "GET /css/header.css HTTP/1.1" 404 153 "http://localhost:8000/" "Mozilla/5.0 (Windows NT 10.0; WOW64) AppleWebKit/537.36 (KHTML, like Gecko) Chrome/95.0.4638.69 Safari/537.36"
::1 - - [08/Nov/2021:17:22:50 +0000] "GET /css/layout.css HTTP/1.1" 404 153 "http://localhost:8000/" "Mozilla/5.0 (Windows NT 10.0; WOW64) AppleWebKit/537.36 (KHTML, like Gecko) Chrome/95.0.4638.69 Safari/537.36"
::1 - - [08/Nov/2021:17:22:50 +0000] "GET /js/home_post.js HTTP/1.1" 404 154 "http://localhost:8000/" "Mozilla/5.0 (Windows NT 10.0; WOW64) AppleWebKit/537.36 (KHTML, like Gecko) Chrome/95.0.4638.69 Safari/537.36"
::1 - - [08/Nov/2021:17:22:50 +0000] "GET /css/footer.css HTTP/1.1" 404 153 "http://localhost:8000/" "Mozilla/5.0 (Windows NT 10.0; WOW64) AppleWebKit/537.36 (KHTML, like Gecko) Chrome/95.0.4638.69 Safari/537.36"
::1 - - [08/Nov/2021:17:22:50 +0000] "GET /css/home.css HTTP/1.1" 404 151 "http://localhost:8000/" "Mozilla/5.0 (Windows NT 10.0; WOW64) AppleWebKit/537.36 (KHTML, like Gecko) Chrome/95.0.4638.69 Safari/537.36"
::1 - - [08/Nov/2021:17:22:50 +0000] "GET /css/chat_box.css HTTP/1.1" 404 155 "http://localhost:8000/" "Mozilla/5.0 (Windows NT 10.0; WOW64) AppleWebKit/537.36 (KHTML, like Gecko) Chrome/95.0.4638.69 Safari/537.36"
::1 - - [08/Nov/2021:17:22:50 +0000] "GET /js/home_Post_comment.js HTTP/1.1" 404 162 "http://localhost:8000/" "Mozilla/5.0 (Windows NT 10.0; WOW64) AppleWebKit/537.36 (KHTML, like Gecko) Chrome/95.0.4638.69 Safari/537.36"
::1 - - [08/Nov/2021:17:22:50 +0000] "GET /js/sign_inpage.js HTTP/1.1" 404 156 "http://localhost:8000/" "Mozilla/5.0 (Windows NT 10.0; WOW64) AppleWebKit/537.36 (KHTML, like Gecko) Chrome/95.0.4638.69 Safari/537.36"
::1 - - [08/Nov/2021:17:22:50 +0000] "GET /js/sign_uppage.js HTTP/1.1" 404 156 "http://localhost:8000/" "Mozilla/5.0 (Windows NT 10.0; WOW64) AppleWebKit/537.36 (KHTML, like Gecko) Chrome/95.0.4638.69 Safari/537.36"
::1 - - [08/Nov/2021:17:22:50 +0000] "GET /js/chat_engine.js HTTP/1.1" 404 156 "http://localhost:8000/" "Mozilla/5.0 (Windows NT 10.0; WOW64) AppleWebKit/537.36 (KHTML, like Gecko) Chrome/95.0.4638.69 Safari/537.36"
::1 - - [08/Nov/2021:17:22:50 +0000] "GET /css/layout.css HTTP/1.1" 404 153 "http://localhost:8000/" "Mozilla/5.0 (Windows NT 10.0; WOW64) AppleWebKit/537.36 (KHTML, like Gecko) Chrome/95.0.4638.69 Safari/537.36"
::1 - - [08/Nov/2021:17:22:50 +0000] "GET /css/header.css HTTP/1.1" 404 153 "http://localhost:8000/" "Mozilla/5.0 (Windows NT 10.0; WOW64) AppleWebKit/537.36 (KHTML, like Gecko) Chrome/95.0.4638.69 Safari/537.36"
::1 - - [08/Nov/2021:17:22:50 +0000] "GET /css/footer.css HTTP/1.1" 404 153 "http://localhost:8000/" "Mozilla/5.0 (Windows NT 10.0; WOW64) AppleWebKit/537.36 (KHTML, like Gecko) Chrome/95.0.4638.69 Safari/537.36"
::1 - - [08/Nov/2021:17:22:50 +0000] "GET /css/home.css HTTP/1.1" 404 151 "http://localhost:8000/" "Mozilla/5.0 (Windows NT 10.0; WOW64) AppleWebKit/537.36 (KHTML, like Gecko) Chrome/95.0.4638.69 Safari/537.36"
::1 - - [08/Nov/2021:17:22:50 +0000] "GET /js/home_post.js HTTP/1.1" 404 154 "http://localhost:8000/" "Mozilla/5.0 (Windows NT 10.0; WOW64) AppleWebKit/537.36 (KHTML, like Gecko) Chrome/95.0.4638.69 Safari/537.36"
::1 - - [08/Nov/2021:17:22:50 +0000] "GET /js/sign_inpage.js HTTP/1.1" 404 156 "http://localhost:8000/" "Mozilla/5.0 (Windows NT 10.0; WOW64) AppleWebKit/537.36 (KHTML, like Gecko) Chrome/95.0.4638.69 Safari/537.36"
::1 - - [08/Nov/2021:17:22:55 +0000] "GET /css/home.css HTTP/1.1" 404 151 "http://localhost:8000/" "Mozilla/5.0 (Windows NT 10.0; WOW64) AppleWebKit/537.36 (KHTML, like Gecko) Chrome/95.0.4638.69 Safari/537.36"
::1 - - [08/Nov/2021:17:22:55 +0000] "GET /css/layout.css HTTP/1.1" 404 153 "http://localhost:8000/" "Mozilla/5.0 (Windows NT 10.0; WOW64) AppleWebKit/537.36 (KHTML, like Gecko) Chrome/95.0.4638.69 Safari/537.36"
::1 - - [08/Nov/2021:17:22:55 +0000] "GET /css/chat_box.css HTTP/1.1" 404 155 "http://localhost:8000/" "Mozilla/5.0 (Windows NT 10.0; WOW64) AppleWebKit/537.36 (KHTML, like Gecko) Chrome/95.0.4638.69 Safari/537.36"
::1 - - [08/Nov/2021:17:22:55 +0000] "GET /css/footer.css HTTP/1.1" 404 153 "http://localhost:8000/" "Mozilla/5.0 (Windows NT 10.0; WOW64) AppleWebKit/537.36 (KHTML, like Gecko) Chrome/95.0.4638.69 Safari/537.36"
::1 - - [08/Nov/2021:17:22:55 +0000] "GET /css/header.css HTTP/1.1" 404 153 "http://localhost:8000/" "Mozilla/5.0 (Windows NT 10.0; WOW64) AppleWebKit/537.36 (KHTML, like Gecko) Chrome/95.0.4638.69 Safari/537.36"
::1 - - [08/Nov/2021:17:22:55 +0000] "GET /js/home_post.js HTTP/1.1" 404 154 "http://localhost:8000/" "Mozilla/5.0 (Windows NT 10.0; WOW64) AppleWebKit/537.36 (KHTML, like Gecko) Chrome/95.0.4638.69 Safari/537.36"
::1 - - [08/Nov/2021:17:22:56 +0000] "GET /js/home_Post_comment.js HTTP/1.1" 404 162 "http://localhost:8000/" "Mozilla/5.0 (Windows NT 10.0; WOW64) AppleWebKit/537.36 (KHTML, like Gecko) Chrome/95.0.4638.69 Safari/537.36"
::1 - - [08/Nov/2021:17:22:56 +0000] "GET /js/sign_inpage.js HTTP/1.1" 404 156 "http://localhost:8000/" "Mozilla/5.0 (Windows NT 10.0; WOW64) AppleWebKit/537.36 (KHTML, like Gecko) Chrome/95.0.4638.69 Safari/537.36"
::1 - - [08/Nov/2021:17:22:56 +0000] "GET /js/sign_uppage.js HTTP/1.1" 404 156 "http://localhost:8000/" "Mozilla/5.0 (Windows NT 10.0; WOW64) AppleWebKit/537.36 (KHTML, like Gecko) Chrome/95.0.4638.69 Safari/537.36"
::1 - - [08/Nov/2021:17:22:56 +0000] "GET /js/chat_engine.js HTTP/1.1" 404 156 "http://localhost:8000/" "Mozilla/5.0 (Windows NT 10.0; WOW64) AppleWebKit/537.36 (KHTML, like Gecko) Chrome/95.0.4638.69 Safari/537.36"
::1 - - [08/Nov/2021:17:22:56 +0000] "GET /favicon.ico HTTP/1.1" 404 150 "http://localhost:8000/" "Mozilla/5.0 (Windows NT 10.0; WOW64) AppleWebKit/537.36 (KHTML, like Gecko) Chrome/95.0.4638.69 Safari/537.36"
::1 - - [08/Nov/2021:17:23:03 +0000] "GET /user/sign-in HTTP/1.1" 200 4240 "http://localhost:8000/" "Mozilla/5.0 (Windows NT 10.0; WOW64) AppleWebKit/537.36 (KHTML, like Gecko) Chrome/95.0.4638.69 Safari/537.36"
::1 - - [08/Nov/2021:17:23:03 +0000] "GET /css/layout.css HTTP/1.1" 404 153 "http://localhost:8000/user/sign-in" "Mozilla/5.0 (Windows NT 10.0; WOW64) AppleWebKit/537.36 (KHTML, like Gecko) Chrome/95.0.4638.69 Safari/537.36"
::1 - - [08/Nov/2021:17:23:03 +0000] "GET /css/header.css HTTP/1.1" 404 153 "http://localhost:8000/user/sign-in" "Mozilla/5.0 (Windows NT 10.0; WOW64) AppleWebKit/537.36 (KHTML, like Gecko) Chrome/95.0.4638.69 Safari/537.36"
::1 - - [08/Nov/2021:17:23:03 +0000] "GET /css/footer.css HTTP/1.1" 404 153 "http://localhost:8000/user/sign-in" "Mozilla/5.0 (Windows NT 10.0; WOW64) AppleWebKit/537.36 (KHTML, like Gecko) Chrome/95.0.4638.69 Safari/537.36"
::1 - - [08/Nov/2021:17:23:12 +0000] "POST /user/create-session HTTP/1.1" 302 46 "http://localhost:8000/user/sign-in" "Mozilla/5.0 (Windows NT 10.0; WOW64) AppleWebKit/537.36 (KHTML, like Gecko) Chrome/95.0.4638.69 Safari/537.36"
::1 - - [08/Nov/2021:17:23:12 +0000] "GET / HTTP/1.1" 200 9351 "http://localhost:8000/user/sign-in" "Mozilla/5.0 (Windows NT 10.0; WOW64) AppleWebKit/537.36 (KHTML, like Gecko) Chrome/95.0.4638.69 Safari/537.36"
::1 - - [08/Nov/2021:17:23:12 +0000] "GET /js/home_Post_comment.js HTTP/1.1" 404 162 "http://localhost:8000/" "Mozilla/5.0 (Windows NT 10.0; WOW64) AppleWebKit/537.36 (KHTML, like Gecko) Chrome/95.0.4638.69 Safari/537.36"
::1 - - [08/Nov/2021:17:23:12 +0000] "GET /css/home.css HTTP/1.1" 404 151 "http://localhost:8000/" "Mozilla/5.0 (Windows NT 10.0; WOW64) AppleWebKit/537.36 (KHTML, like Gecko) Chrome/95.0.4638.69 Safari/537.36"
::1 - - [08/Nov/2021:17:23:12 +0000] "GET /css/chat_box.css HTTP/1.1" 404 155 "http://localhost:8000/" "Mozilla/5.0 (Windows NT 10.0; WOW64) AppleWebKit/537.36 (KHTML, like Gecko) Chrome/95.0.4638.69 Safari/537.36"
::1 - - [08/Nov/2021:17:23:12 +0000] "GET /css/footer.css HTTP/1.1" 404 153 "http://localhost:8000/" "Mozilla/5.0 (Windows NT 10.0; WOW64) AppleWebKit/537.36 (KHTML, like Gecko) Chrome/95.0.4638.69 Safari/537.36"
::1 - - [08/Nov/2021:17:23:12 +0000] "GET /css/header.css HTTP/1.1" 404 153 "http://localhost:8000/" "Mozilla/5.0 (Windows NT 10.0; WOW64) AppleWebKit/537.36 (KHTML, like Gecko) Chrome/95.0.4638.69 Safari/537.36"
::1 - - [08/Nov/2021:17:23:12 +0000] "GET /css/layout.css HTTP/1.1" 404 153 "http://localhost:8000/" "Mozilla/5.0 (Windows NT 10.0; WOW64) AppleWebKit/537.36 (KHTML, like Gecko) Chrome/95.0.4638.69 Safari/537.36"
::1 - - [08/Nov/2021:17:23:12 +0000] "GET /js/sign_inpage.js HTTP/1.1" 404 156 "http://localhost:8000/" "Mozilla/5.0 (Windows NT 10.0; WOW64) AppleWebKit/537.36 (KHTML, like Gecko) Chrome/95.0.4638.69 Safari/537.36"
::1 - - [08/Nov/2021:17:23:12 +0000] "GET /js/home_post.js HTTP/1.1" 404 154 "http://localhost:8000/" "Mozilla/5.0 (Windows NT 10.0; WOW64) AppleWebKit/537.36 (KHTML, like Gecko) Chrome/95.0.4638.69 Safari/537.36"
::1 - - [08/Nov/2021:17:23:12 +0000] "GET /js/chat_engine.js HTTP/1.1" 404 156 "http://localhost:8000/" "Mozilla/5.0 (Windows NT 10.0; WOW64) AppleWebKit/537.36 (KHTML, like Gecko) Chrome/95.0.4638.69 Safari/537.36"
::1 - - [08/Nov/2021:17:23:12 +0000] "GET /js/sign_uppage.js HTTP/1.1" 404 156 "http://localhost:8000/" "Mozilla/5.0 (Windows NT 10.0; WOW64) AppleWebKit/537.36 (KHTML, like Gecko) Chrome/95.0.4638.69 Safari/537.36"
::1 - - [08/Nov/2021:17:23:12 +0000] "GET /js/home_Post_comment.js HTTP/1.1" 404 162 "http://localhost:8000/" "Mozilla/5.0 (Windows NT 10.0; WOW64) AppleWebKit/537.36 (KHTML, like Gecko) Chrome/95.0.4638.69 Safari/537.36"
::1 - - [08/Nov/2021:17:23:12 +0000] "GET /js/sign_inpage.js HTTP/1.1" 404 156 "http://localhost:8000/" "Mozilla/5.0 (Windows NT 10.0; WOW64) AppleWebKit/537.36 (KHTML, like Gecko) Chrome/95.0.4638.69 Safari/537.36"
::1 - - [08/Nov/2021:17:23:12 +0000] "GET /js/sign_uppage.js HTTP/1.1" 404 156 "http://localhost:8000/" "Mozilla/5.0 (Windows NT 10.0; WOW64) AppleWebKit/537.36 (KHTML, like Gecko) Chrome/95.0.4638.69 Safari/537.36"
::1 - - [08/Nov/2021:17:23:12 +0000] "GET /js/chat_engine.js HTTP/1.1" 404 156 "http://localhost:8000/" "Mozilla/5.0 (Windows NT 10.0; WOW64) AppleWebKit/537.36 (KHTML, like Gecko) Chrome/95.0.4638.69 Safari/537.36"
::1 - - [08/Nov/2021:17:23:31 +0000] "POST /comment/create HTTP/1.1" 302 46 "http://localhost:8000/" "Mozilla/5.0 (Windows NT 10.0; WOW64) AppleWebKit/537.36 (KHTML, like Gecko) Chrome/95.0.4638.69 Safari/537.36"
::1 - - [08/Nov/2021:17:23:31 +0000] "GET / HTTP/1.1" 200 9428 "http://localhost:8000/" "Mozilla/5.0 (Windows NT 10.0; WOW64) AppleWebKit/537.36 (KHTML, like Gecko) Chrome/95.0.4638.69 Safari/537.36"
::1 - - [08/Nov/2021:17:23:31 +0000] "GET /css/layout.css HTTP/1.1" 404 153 "http://localhost:8000/" "Mozilla/5.0 (Windows NT 10.0; WOW64) AppleWebKit/537.36 (KHTML, like Gecko) Chrome/95.0.4638.69 Safari/537.36"
::1 - - [08/Nov/2021:17:23:31 +0000] "GET /css/header.css HTTP/1.1" 404 153 "http://localhost:8000/" "Mozilla/5.0 (Windows NT 10.0; WOW64) AppleWebKit/537.36 (KHTML, like Gecko) Chrome/95.0.4638.69 Safari/537.36"
::1 - - [08/Nov/2021:17:23:31 +0000] "GET /js/home_post.js HTTP/1.1" 404 154 "http://localhost:8000/" "Mozilla/5.0 (Windows NT 10.0; WOW64) AppleWebKit/537.36 (KHTML, like Gecko) Chrome/95.0.4638.69 Safari/537.36"
::1 - - [08/Nov/2021:17:23:31 +0000] "GET /css/home.css HTTP/1.1" 404 151 "http://localhost:8000/" "Mozilla/5.0 (Windows NT 10.0; WOW64) AppleWebKit/537.36 (KHTML, like Gecko) Chrome/95.0.4638.69 Safari/537.36"
::1 - - [08/Nov/2021:17:23:31 +0000] "GET /css/footer.css HTTP/1.1" 404 153 "http://localhost:8000/" "Mozilla/5.0 (Windows NT 10.0; WOW64) AppleWebKit/537.36 (KHTML, like Gecko) Chrome/95.0.4638.69 Safari/537.36"
::1 - - [08/Nov/2021:17:23:31 +0000] "GET /css/chat_box.css HTTP/1.1" 404 155 "http://localhost:8000/" "Mozilla/5.0 (Windows NT 10.0; WOW64) AppleWebKit/537.36 (KHTML, like Gecko) Chrome/95.0.4638.69 Safari/537.36"
::1 - - [08/Nov/2021:17:23:31 +0000] "GET /js/home_Post_comment.js HTTP/1.1" 404 162 "http://localhost:8000/" "Mozilla/5.0 (Windows NT 10.0; WOW64) AppleWebKit/537.36 (KHTML, like Gecko) Chrome/95.0.4638.69 Safari/537.36"
::1 - - [08/Nov/2021:17:23:31 +0000] "GET /js/sign_inpage.js HTTP/1.1" 404 156 "http://localhost:8000/" "Mozilla/5.0 (Windows NT 10.0; WOW64) AppleWebKit/537.36 (KHTML, like Gecko) Chrome/95.0.4638.69 Safari/537.36"
::1 - - [08/Nov/2021:17:23:31 +0000] "GET /js/sign_uppage.js HTTP/1.1" 404 156 "http://localhost:8000/" "Mozilla/5.0 (Windows NT 10.0; WOW64) AppleWebKit/537.36 (KHTML, like Gecko) Chrome/95.0.4638.69 Safari/537.36"
::1 - - [08/Nov/2021:17:23:31 +0000] "GET /js/chat_engine.js HTTP/1.1" 404 156 "http://localhost:8000/" "Mozilla/5.0 (Windows NT 10.0; WOW64) AppleWebKit/537.36 (KHTML, like Gecko) Chrome/95.0.4638.69 Safari/537.36"
::1 - - [08/Nov/2021:17:24:00 +0000] "GET /css/header.css HTTP/1.1" 404 153 "http://localhost:8000/" "Mozilla/5.0 (Windows NT 10.0; WOW64) AppleWebKit/537.36 (KHTML, like Gecko) Chrome/95.0.4638.69 Safari/537.36"
::1 - - [08/Nov/2021:17:24:00 +0000] "GET /css/footer.css HTTP/1.1" 404 153 "http://localhost:8000/" "Mozilla/5.0 (Windows NT 10.0; WOW64) AppleWebKit/537.36 (KHTML, like Gecko) Chrome/95.0.4638.69 Safari/537.36"
::1 - - [08/Nov/2021:17:24:00 +0000] "GET /css/home.css HTTP/1.1" 404 151 "http://localhost:8000/" "Mozilla/5.0 (Windows NT 10.0; WOW64) AppleWebKit/537.36 (KHTML, like Gecko) Chrome/95.0.4638.69 Safari/537.36"
::1 - - [08/Nov/2021:17:24:00 +0000] "GET /css/chat_box.css HTTP/1.1" 404 155 "http://localhost:8000/" "Mozilla/5.0 (Windows NT 10.0; WOW64) AppleWebKit/537.36 (KHTML, like Gecko) Chrome/95.0.4638.69 Safari/537.36"
::1 - - [08/Nov/2021:17:24:00 +0000] "GET /css/layout.css HTTP/1.1" 404 153 "http://localhost:8000/" "Mozilla/5.0 (Windows NT 10.0; WOW64) AppleWebKit/537.36 (KHTML, like Gecko) Chrome/95.0.4638.69 Safari/537.36"
::1 - - [08/Nov/2021:17:26:11 +0000] "GET / HTTP/1.1" 304 - "http://localhost:8000/" "Mozilla/5.0 (Windows NT 10.0; WOW64) AppleWebKit/537.36 (KHTML, like Gecko) Chrome/95.0.4638.69 Safari/537.36"
::1 - - [08/Nov/2021:17:26:12 +0000] "GET /css/layout.css HTTP/1.1" 404 153 "http://localhost:8000/" "Mozilla/5.0 (Windows NT 10.0; WOW64) AppleWebKit/537.36 (KHTML, like Gecko) Chrome/95.0.4638.69 Safari/537.36"
::1 - - [08/Nov/2021:17:26:12 +0000] "GET /css/header.css HTTP/1.1" 404 153 "http://localhost:8000/" "Mozilla/5.0 (Windows NT 10.0; WOW64) AppleWebKit/537.36 (KHTML, like Gecko) Chrome/95.0.4638.69 Safari/537.36"
::1 - - [08/Nov/2021:17:26:12 +0000] "GET /css/footer.css HTTP/1.1" 404 153 "http://localhost:8000/" "Mozilla/5.0 (Windows NT 10.0; WOW64) AppleWebKit/537.36 (KHTML, like Gecko) Chrome/95.0.4638.69 Safari/537.36"
::1 - - [08/Nov/2021:17:26:12 +0000] "GET /js/home_post.js HTTP/1.1" 404 154 "http://localhost:8000/" "Mozilla/5.0 (Windows NT 10.0; WOW64) AppleWebKit/537.36 (KHTML, like Gecko) Chrome/95.0.4638.69 Safari/537.36"
::1 - - [08/Nov/2021:17:26:12 +0000] "GET /js/home_Post_comment.js HTTP/1.1" 404 162 "http://localhost:8000/" "Mozilla/5.0 (Windows NT 10.0; WOW64) AppleWebKit/537.36 (KHTML, like Gecko) Chrome/95.0.4638.69 Safari/537.36"
::1 - - [08/Nov/2021:17:26:12 +0000] "GET /css/home.css HTTP/1.1" 404 151 "http://localhost:8000/" "Mozilla/5.0 (Windows NT 10.0; WOW64) AppleWebKit/537.36 (KHTML, like Gecko) Chrome/95.0.4638.69 Safari/537.36"
::1 - - [08/Nov/2021:17:26:12 +0000] "GET /js/sign_inpage.js HTTP/1.1" 404 156 "http://localhost:8000/" "Mozilla/5.0 (Windows NT 10.0; WOW64) AppleWebKit/537.36 (KHTML, like Gecko) Chrome/95.0.4638.69 Safari/537.36"
::1 - - [08/Nov/2021:17:26:12 +0000] "GET /js/chat_engine.js HTTP/1.1" 404 156 "http://localhost:8000/" "Mozilla/5.0 (Windows NT 10.0; WOW64) AppleWebKit/537.36 (KHTML, like Gecko) Chrome/95.0.4638.69 Safari/537.36"
::1 - - [08/Nov/2021:17:26:12 +0000] "GET /js/sign_uppage.js HTTP/1.1" 404 156 "http://localhost:8000/" "Mozilla/5.0 (Windows NT 10.0; WOW64) AppleWebKit/537.36 (KHTML, like Gecko) Chrome/95.0.4638.69 Safari/537.36"
::1 - - [08/Nov/2021:17:26:12 +0000] "GET /css/chat_box.css HTTP/1.1" 404 155 "http://localhost:8000/" "Mozilla/5.0 (Windows NT 10.0; WOW64) AppleWebKit/537.36 (KHTML, like Gecko) Chrome/95.0.4638.69 Safari/537.36"
::1 - - [08/Nov/2021:17:26:12 +0000] "GET /css/footer.css HTTP/1.1" 404 153 "http://localhost:8000/" "Mozilla/5.0 (Windows NT 10.0; WOW64) AppleWebKit/537.36 (KHTML, like Gecko) Chrome/95.0.4638.69 Safari/537.36"
::1 - - [08/Nov/2021:17:26:12 +0000] "GET /css/layout.css HTTP/1.1" 404 153 "http://localhost:8000/" "Mozilla/5.0 (Windows NT 10.0; WOW64) AppleWebKit/537.36 (KHTML, like Gecko) Chrome/95.0.4638.69 Safari/537.36"
::1 - - [08/Nov/2021:17:26:12 +0000] "GET /css/header.css HTTP/1.1" 404 153 "http://localhost:8000/" "Mozilla/5.0 (Windows NT 10.0; WOW64) AppleWebKit/537.36 (KHTML, like Gecko) Chrome/95.0.4638.69 Safari/537.36"
::1 - - [08/Nov/2021:17:26:12 +0000] "GET /js/home_post.js HTTP/1.1" 404 154 "http://localhost:8000/" "Mozilla/5.0 (Windows NT 10.0; WOW64) AppleWebKit/537.36 (KHTML, like Gecko) Chrome/95.0.4638.69 Safari/537.36"
::1 - - [08/Nov/2021:17:26:12 +0000] "GET /js/home_Post_comment.js HTTP/1.1" 404 162 "http://localhost:8000/" "Mozilla/5.0 (Windows NT 10.0; WOW64) AppleWebKit/537.36 (KHTML, like Gecko) Chrome/95.0.4638.69 Safari/537.36"
::1 - - [08/Nov/2021:17:26:12 +0000] "GET /js/sign_inpage.js HTTP/1.1" 404 156 "http://localhost:8000/" "Mozilla/5.0 (Windows NT 10.0; WOW64) AppleWebKit/537.36 (KHTML, like Gecko) Chrome/95.0.4638.69 Safari/537.36"
::1 - - [08/Nov/2021:17:26:12 +0000] "GET /js/sign_uppage.js HTTP/1.1" 404 156 "http://localhost:8000/" "Mozilla/5.0 (Windows NT 10.0; WOW64) AppleWebKit/537.36 (KHTML, like Gecko) Chrome/95.0.4638.69 Safari/537.36"
::1 - - [08/Nov/2021:17:26:12 +0000] "GET /js/chat_engine.js HTTP/1.1" 404 156 "http://localhost:8000/" "Mozilla/5.0 (Windows NT 10.0; WOW64) AppleWebKit/537.36 (KHTML, like Gecko) Chrome/95.0.4638.69 Safari/537.36"
::1 - - [08/Nov/2021:17:30:24 +0000] "GET / HTTP/1.1" 304 - "http://localhost:8000/" "Mozilla/5.0 (Windows NT 10.0; WOW64) AppleWebKit/537.36 (KHTML, like Gecko) Chrome/95.0.4638.69 Safari/537.36"
::1 - - [08/Nov/2021:17:30:25 +0000] "GET /js/sign_inpage.js HTTP/1.1" 200 1495 "http://localhost:8000/" "Mozilla/5.0 (Windows NT 10.0; WOW64) AppleWebKit/537.36 (KHTML, like Gecko) Chrome/95.0.4638.69 Safari/537.36"
::1 - - [08/Nov/2021:17:30:25 +0000] "GET /js/home_Post_comment.js HTTP/1.1" 200 3349 "http://localhost:8000/" "Mozilla/5.0 (Windows NT 10.0; WOW64) AppleWebKit/537.36 (KHTML, like Gecko) Chrome/95.0.4638.69 Safari/537.36"
::1 - - [08/Nov/2021:17:30:25 +0000] "GET /js/sign_uppage.js HTTP/1.1" 200 1579 "http://localhost:8000/" "Mozilla/5.0 (Windows NT 10.0; WOW64) AppleWebKit/537.36 (KHTML, like Gecko) Chrome/95.0.4638.69 Safari/537.36"
::1 - - [08/Nov/2021:17:30:25 +0000] "GET /js/home_post.js HTTP/1.1" 200 4907 "http://localhost:8000/" "Mozilla/5.0 (Windows NT 10.0; WOW64) AppleWebKit/537.36 (KHTML, like Gecko) Chrome/95.0.4638.69 Safari/537.36"
::1 - - [08/Nov/2021:17:30:25 +0000] "GET /js/chat_engine.js HTTP/1.1" 200 2827 "http://localhost:8000/" "Mozilla/5.0 (Windows NT 10.0; WOW64) AppleWebKit/537.36 (KHTML, like Gecko) Chrome/95.0.4638.69 Safari/537.36"
::1 - - [08/Nov/2021:17:30:57 +0000] "GET / HTTP/1.1" 200 7268 "-" "Mozilla/5.0 (Windows NT 10.0; WOW64) AppleWebKit/537.36 (KHTML, like Gecko) Chrome/95.0.4638.69 Safari/537.36"
::1 - - [08/Nov/2021:17:30:57 +0000] "GET /js/home_post.js HTTP/1.1" 200 4907 "http://localhost:8000/" "Mozilla/5.0 (Windows NT 10.0; WOW64) AppleWebKit/537.36 (KHTML, like Gecko) Chrome/95.0.4638.69 Safari/537.36"
::1 - - [08/Nov/2021:17:30:57 +0000] "GET /css/layout.css HTTP/1.1" 200 64 "http://localhost:8000/" "Mozilla/5.0 (Windows NT 10.0; WOW64) AppleWebKit/537.36 (KHTML, like Gecko) Chrome/95.0.4638.69 Safari/537.36"
::1 - - [08/Nov/2021:17:30:57 +0000] "GET /css/header.css HTTP/1.1" 200 449 "http://localhost:8000/" "Mozilla/5.0 (Windows NT 10.0; WOW64) AppleWebKit/537.36 (KHTML, like Gecko) Chrome/95.0.4638.69 Safari/537.36"
::1 - - [08/Nov/2021:17:30:57 +0000] "GET /css/chat_box.css HTTP/1.1" 200 1299 "http://localhost:8000/" "Mozilla/5.0 (Windows NT 10.0; WOW64) AppleWebKit/537.36 (KHTML, like Gecko) Chrome/95.0.4638.69 Safari/537.36"
::1 - - [08/Nov/2021:17:30:57 +0000] "GET /css/footer.css HTTP/1.1" 200 - "http://localhost:8000/" "Mozilla/5.0 (Windows NT 10.0; WOW64) AppleWebKit/537.36 (KHTML, like Gecko) Chrome/95.0.4638.69 Safari/537.36"
::1 - - [08/Nov/2021:17:30:57 +0000] "GET /css/home.css HTTP/1.1" 200 249 "http://localhost:8000/" "Mozilla/5.0 (Windows NT 10.0; WOW64) AppleWebKit/537.36 (KHTML, like Gecko) Chrome/95.0.4638.69 Safari/537.36"
::1 - - [08/Nov/2021:17:30:57 +0000] "GET /js/home_Post_comment.js HTTP/1.1" 200 3349 "http://localhost:8000/" "Mozilla/5.0 (Windows NT 10.0; WOW64) AppleWebKit/537.36 (KHTML, like Gecko) Chrome/95.0.4638.69 Safari/537.36"
::1 - - [08/Nov/2021:17:30:57 +0000] "GET /js/sign_inpage.js HTTP/1.1" 200 1495 "http://localhost:8000/" "Mozilla/5.0 (Windows NT 10.0; WOW64) AppleWebKit/537.36 (KHTML, like Gecko) Chrome/95.0.4638.69 Safari/537.36"
::1 - - [08/Nov/2021:17:30:57 +0000] "GET /js/sign_uppage.js HTTP/1.1" 200 1579 "http://localhost:8000/" "Mozilla/5.0 (Windows NT 10.0; WOW64) AppleWebKit/537.36 (KHTML, like Gecko) Chrome/95.0.4638.69 Safari/537.36"
::1 - - [08/Nov/2021:17:30:57 +0000] "GET /js/chat_engine.js HTTP/1.1" 200 2827 "http://localhost:8000/" "Mozilla/5.0 (Windows NT 10.0; WOW64) AppleWebKit/537.36 (KHTML, like Gecko) Chrome/95.0.4638.69 Safari/537.36"
::1 - - [08/Nov/2021:17:31:31 +0000] "GET /user/sign-in HTTP/1.1" 200 64 "http://localhost:8000/" "Mozilla/5.0 (Windows NT 10.0; WOW64) AppleWebKit/537.36 (KHTML, like Gecko) Chrome/95.0.4638.69 Safari/537.36"
::1 - - [08/Nov/2021:17:31:36 +0000] "POST /user/create-session HTTP/1.1" 302 70 "http://localhost:8000/" "Mozilla/5.0 (Windows NT 10.0; WOW64) AppleWebKit/537.36 (KHTML, like Gecko) Chrome/95.0.4638.69 Safari/537.36"
::1 - - [08/Nov/2021:17:31:36 +0000] "GET /user/sign-in HTTP/1.1" 200 4521 "http://localhost:8000/" "Mozilla/5.0 (Windows NT 10.0; WOW64) AppleWebKit/537.36 (KHTML, like Gecko) Chrome/95.0.4638.69 Safari/537.36"
::1 - - [08/Nov/2021:17:31:36 +0000] "GET /css/layout.css HTTP/1.1" 304 - "http://localhost:8000/user/sign-in" "Mozilla/5.0 (Windows NT 10.0; WOW64) AppleWebKit/537.36 (KHTML, like Gecko) Chrome/95.0.4638.69 Safari/537.36"
::1 - - [08/Nov/2021:17:31:36 +0000] "GET /css/header.css HTTP/1.1" 304 - "http://localhost:8000/user/sign-in" "Mozilla/5.0 (Windows NT 10.0; WOW64) AppleWebKit/537.36 (KHTML, like Gecko) Chrome/95.0.4638.69 Safari/537.36"
::1 - - [08/Nov/2021:17:31:36 +0000] "GET /css/footer.css HTTP/1.1" 304 - "http://localhost:8000/user/sign-in" "Mozilla/5.0 (Windows NT 10.0; WOW64) AppleWebKit/537.36 (KHTML, like Gecko) Chrome/95.0.4638.69 Safari/537.36"
::1 - - [08/Nov/2021:17:31:42 +0000] "POST /user/create-session HTTP/1.1" 302 46 "http://localhost:8000/user/sign-in" "Mozilla/5.0 (Windows NT 10.0; WOW64) AppleWebKit/537.36 (KHTML, like Gecko) Chrome/95.0.4638.69 Safari/537.36"
::1 - - [08/Nov/2021:17:31:42 +0000] "GET / HTTP/1.1" 200 9056 "http://localhost:8000/user/sign-in" "Mozilla/5.0 (Windows NT 10.0; WOW64) AppleWebKit/537.36 (KHTML, like Gecko) Chrome/95.0.4638.69 Safari/537.36"
::1 - - [08/Nov/2021:17:31:42 +0000] "GET /js/home_post.js HTTP/1.1" 304 - "http://localhost:8000/" "Mozilla/5.0 (Windows NT 10.0; WOW64) AppleWebKit/537.36 (KHTML, like Gecko) Chrome/95.0.4638.69 Safari/537.36"
::1 - - [08/Nov/2021:17:31:42 +0000] "GET /css/layout.css HTTP/1.1" 304 - "http://localhost:8000/" "Mozilla/5.0 (Windows NT 10.0; WOW64) AppleWebKit/537.36 (KHTML, like Gecko) Chrome/95.0.4638.69 Safari/537.36"
::1 - - [08/Nov/2021:17:31:42 +0000] "GET /css/header.css HTTP/1.1" 304 - "http://localhost:8000/" "Mozilla/5.0 (Windows NT 10.0; WOW64) AppleWebKit/537.36 (KHTML, like Gecko) Chrome/95.0.4638.69 Safari/537.36"
::1 - - [08/Nov/2021:17:31:42 +0000] "GET /css/footer.css HTTP/1.1" 304 - "http://localhost:8000/" "Mozilla/5.0 (Windows NT 10.0; WOW64) AppleWebKit/537.36 (KHTML, like Gecko) Chrome/95.0.4638.69 Safari/537.36"
::1 - - [08/Nov/2021:17:31:42 +0000] "GET /css/home.css HTTP/1.1" 304 - "http://localhost:8000/" "Mozilla/5.0 (Windows NT 10.0; WOW64) AppleWebKit/537.36 (KHTML, like Gecko) Chrome/95.0.4638.69 Safari/537.36"
::1 - - [08/Nov/2021:17:31:42 +0000] "GET /js/home_Post_comment.js HTTP/1.1" 304 - "http://localhost:8000/" "Mozilla/5.0 (Windows NT 10.0; WOW64) AppleWebKit/537.36 (KHTML, like Gecko) Chrome/95.0.4638.69 Safari/537.36"
::1 - - [08/Nov/2021:17:31:42 +0000] "GET /js/sign_inpage.js HTTP/1.1" 304 - "http://localhost:8000/" "Mozilla/5.0 (Windows NT 10.0; WOW64) AppleWebKit/537.36 (KHTML, like Gecko) Chrome/95.0.4638.69 Safari/537.36"
::1 - - [08/Nov/2021:17:31:42 +0000] "GET /js/sign_uppage.js HTTP/1.1" 304 - "http://localhost:8000/" "Mozilla/5.0 (Windows NT 10.0; WOW64) AppleWebKit/537.36 (KHTML, like Gecko) Chrome/95.0.4638.69 Safari/537.36"
::1 - - [08/Nov/2021:17:31:42 +0000] "GET /css/chat_box.css HTTP/1.1" 304 - "http://localhost:8000/" "Mozilla/5.0 (Windows NT 10.0; WOW64) AppleWebKit/537.36 (KHTML, like Gecko) Chrome/95.0.4638.69 Safari/537.36"
::1 - - [08/Nov/2021:17:31:42 +0000] "GET /js/chat_engine.js HTTP/1.1" 304 - "http://localhost:8000/" "Mozilla/5.0 (Windows NT 10.0; WOW64) AppleWebKit/537.36 (KHTML, like Gecko) Chrome/95.0.4638.69 Safari/537.36"
::1 - - [08/Nov/2021:17:32:03 +0000] "GET /user/sign-out HTTP/1.1" 302 46 "http://localhost:8000/" "Mozilla/5.0 (Windows NT 10.0; WOW64) AppleWebKit/537.36 (KHTML, like Gecko) Chrome/95.0.4638.69 Safari/537.36"
::1 - - [08/Nov/2021:17:32:04 +0000] "GET / HTTP/1.1" 200 7531 "http://localhost:8000/" "Mozilla/5.0 (Windows NT 10.0; WOW64) AppleWebKit/537.36 (KHTML, like Gecko) Chrome/95.0.4638.69 Safari/537.36"
::1 - - [08/Nov/2021:17:32:04 +0000] "GET /css/layout.css HTTP/1.1" 304 - "http://localhost:8000/" "Mozilla/5.0 (Windows NT 10.0; WOW64) AppleWebKit/537.36 (KHTML, like Gecko) Chrome/95.0.4638.69 Safari/537.36"
::1 - - [08/Nov/2021:17:32:04 +0000] "GET /css/header.css HTTP/1.1" 304 - "http://localhost:8000/" "Mozilla/5.0 (Windows NT 10.0; WOW64) AppleWebKit/537.36 (KHTML, like Gecko) Chrome/95.0.4638.69 Safari/537.36"
::1 - - [08/Nov/2021:17:32:04 +0000] "GET /css/footer.css HTTP/1.1" 304 - "http://localhost:8000/" "Mozilla/5.0 (Windows NT 10.0; WOW64) AppleWebKit/537.36 (KHTML, like Gecko) Chrome/95.0.4638.69 Safari/537.36"
::1 - - [08/Nov/2021:17:32:04 +0000] "GET /js/home_post.js HTTP/1.1" 304 - "http://localhost:8000/" "Mozilla/5.0 (Windows NT 10.0; WOW64) AppleWebKit/537.36 (KHTML, like Gecko) Chrome/95.0.4638.69 Safari/537.36"
::1 - - [08/Nov/2021:17:32:04 +0000] "GET /js/home_Post_comment.js HTTP/1.1" 304 - "http://localhost:8000/" "Mozilla/5.0 (Windows NT 10.0; WOW64) AppleWebKit/537.36 (KHTML, like Gecko) Chrome/95.0.4638.69 Safari/537.36"
::1 - - [08/Nov/2021:17:32:04 +0000] "GET /css/home.css HTTP/1.1" 304 - "http://localhost:8000/" "Mozilla/5.0 (Windows NT 10.0; WOW64) AppleWebKit/537.36 (KHTML, like Gecko) Chrome/95.0.4638.69 Safari/537.36"
::1 - - [08/Nov/2021:17:32:04 +0000] "GET /js/sign_inpage.js HTTP/1.1" 304 - "http://localhost:8000/" "Mozilla/5.0 (Windows NT 10.0; WOW64) AppleWebKit/537.36 (KHTML, like Gecko) Chrome/95.0.4638.69 Safari/537.36"
::1 - - [08/Nov/2021:17:32:04 +0000] "GET /js/sign_uppage.js HTTP/1.1" 304 - "http://localhost:8000/" "Mozilla/5.0 (Windows NT 10.0; WOW64) AppleWebKit/537.36 (KHTML, like Gecko) Chrome/95.0.4638.69 Safari/537.36"
::1 - - [08/Nov/2021:17:32:04 +0000] "GET /js/chat_engine.js HTTP/1.1" 304 - "http://localhost:8000/" "Mozilla/5.0 (Windows NT 10.0; WOW64) AppleWebKit/537.36 (KHTML, like Gecko) Chrome/95.0.4638.69 Safari/537.36"
::1 - - [08/Nov/2021:17:32:04 +0000] "GET /css/chat_box.css HTTP/1.1" 304 - "http://localhost:8000/" "Mozilla/5.0 (Windows NT 10.0; WOW64) AppleWebKit/537.36 (KHTML, like Gecko) Chrome/95.0.4638.69 Safari/537.36"
::1 - - [08/Nov/2021:17:32:08 +0000] "GET /user/sign-out HTTP/1.1" 302 46 "http://localhost:8000/" "Mozilla/5.0 (Windows NT 10.0; WOW64) AppleWebKit/537.36 (KHTML, like Gecko) Chrome/95.0.4638.69 Safari/537.36"
::1 - - [08/Nov/2021:17:32:08 +0000] "GET / HTTP/1.1" 200 7531 "http://localhost:8000/" "Mozilla/5.0 (Windows NT 10.0; WOW64) AppleWebKit/537.36 (KHTML, like Gecko) Chrome/95.0.4638.69 Safari/537.36"
::1 - - [08/Nov/2021:17:32:08 +0000] "GET /css/layout.css HTTP/1.1" 200 64 "http://localhost:8000/" "Mozilla/5.0 (Windows NT 10.0; WOW64) AppleWebKit/537.36 (KHTML, like Gecko) Chrome/95.0.4638.69 Safari/537.36"
::1 - - [08/Nov/2021:17:32:08 +0000] "GET /css/header.css HTTP/1.1" 200 449 "http://localhost:8000/" "Mozilla/5.0 (Windows NT 10.0; WOW64) AppleWebKit/537.36 (KHTML, like Gecko) Chrome/95.0.4638.69 Safari/537.36"
::1 - - [08/Nov/2021:17:32:08 +0000] "GET /css/footer.css HTTP/1.1" 200 - "http://localhost:8000/" "Mozilla/5.0 (Windows NT 10.0; WOW64) AppleWebKit/537.36 (KHTML, like Gecko) Chrome/95.0.4638.69 Safari/537.36"
::1 - - [08/Nov/2021:17:32:08 +0000] "GET /css/home.css HTTP/1.1" 200 249 "http://localhost:8000/" "Mozilla/5.0 (Windows NT 10.0; WOW64) AppleWebKit/537.36 (KHTML, like Gecko) Chrome/95.0.4638.69 Safari/537.36"
::1 - - [08/Nov/2021:17:32:08 +0000] "GET /css/chat_box.css HTTP/1.1" 200 1299 "http://localhost:8000/" "Mozilla/5.0 (Windows NT 10.0; WOW64) AppleWebKit/537.36 (KHTML, like Gecko) Chrome/95.0.4638.69 Safari/537.36"
::1 - - [08/Nov/2021:17:32:08 +0000] "GET /js/home_post.js HTTP/1.1" 304 - "http://localhost:8000/" "Mozilla/5.0 (Windows NT 10.0; WOW64) AppleWebKit/537.36 (KHTML, like Gecko) Chrome/95.0.4638.69 Safari/537.36"
::1 - - [08/Nov/2021:17:32:08 +0000] "GET /js/home_Post_comment.js HTTP/1.1" 304 - "http://localhost:8000/" "Mozilla/5.0 (Windows NT 10.0; WOW64) AppleWebKit/537.36 (KHTML, like Gecko) Chrome/95.0.4638.69 Safari/537.36"
::1 - - [08/Nov/2021:17:32:08 +0000] "GET /js/sign_inpage.js HTTP/1.1" 304 - "http://localhost:8000/" "Mozilla/5.0 (Windows NT 10.0; WOW64) AppleWebKit/537.36 (KHTML, like Gecko) Chrome/95.0.4638.69 Safari/537.36"
::1 - - [08/Nov/2021:17:32:08 +0000] "GET /js/sign_uppage.js HTTP/1.1" 304 - "http://localhost:8000/" "Mozilla/5.0 (Windows NT 10.0; WOW64) AppleWebKit/537.36 (KHTML, like Gecko) Chrome/95.0.4638.69 Safari/537.36"
::1 - - [08/Nov/2021:17:32:08 +0000] "GET /js/chat_engine.js HTTP/1.1" 304 - "http://localhost:8000/" "Mozilla/5.0 (Windows NT 10.0; WOW64) AppleWebKit/537.36 (KHTML, like Gecko) Chrome/95.0.4638.69 Safari/537.36"
::1 - - [08/Nov/2021:17:32:45 +0000] "GET / HTTP/1.1" 200 7268 "http://localhost:8000/" "Mozilla/5.0 (Windows NT 10.0; WOW64) AppleWebKit/537.36 (KHTML, like Gecko) Chrome/95.0.4638.69 Safari/537.36"
::1 - - [08/Nov/2021:17:32:45 +0000] "GET /js/home_post.js HTTP/1.1" 304 - "http://localhost:8000/" "Mozilla/5.0 (Windows NT 10.0; WOW64) AppleWebKit/537.36 (KHTML, like Gecko) Chrome/95.0.4638.69 Safari/537.36"
::1 - - [08/Nov/2021:17:32:46 +0000] "GET /js/home_Post_comment.js HTTP/1.1" 304 - "http://localhost:8000/" "Mozilla/5.0 (Windows NT 10.0; WOW64) AppleWebKit/537.36 (KHTML, like Gecko) Chrome/95.0.4638.69 Safari/537.36"
::1 - - [08/Nov/2021:17:32:46 +0000] "GET /js/sign_uppage.js HTTP/1.1" 304 - "http://localhost:8000/" "Mozilla/5.0 (Windows NT 10.0; WOW64) AppleWebKit/537.36 (KHTML, like Gecko) Chrome/95.0.4638.69 Safari/537.36"
::1 - - [08/Nov/2021:17:32:46 +0000] "GET /js/sign_inpage.js HTTP/1.1" 304 - "http://localhost:8000/" "Mozilla/5.0 (Windows NT 10.0; WOW64) AppleWebKit/537.36 (KHTML, like Gecko) Chrome/95.0.4638.69 Safari/537.36"
::1 - - [08/Nov/2021:17:32:46 +0000] "GET /js/chat_engine.js HTTP/1.1" 304 - "http://localhost:8000/" "Mozilla/5.0 (Windows NT 10.0; WOW64) AppleWebKit/537.36 (KHTML, like Gecko) Chrome/95.0.4638.69 Safari/537.36"
::1 - - [08/Nov/2021:17:33:38 +0000] "GET / HTTP/1.1" 304 - "http://localhost:8000/" "Mozilla/5.0 (Windows NT 10.0; WOW64) AppleWebKit/537.36 (KHTML, like Gecko) Chrome/95.0.4638.69 Safari/537.36"
::1 - - [08/Nov/2021:17:33:38 +0000] "GET /js/home_post.js HTTP/1.1" 304 - "http://localhost:8000/" "Mozilla/5.0 (Windows NT 10.0; WOW64) AppleWebKit/537.36 (KHTML, like Gecko) Chrome/95.0.4638.69 Safari/537.36"
::1 - - [08/Nov/2021:17:33:38 +0000] "GET /js/home_Post_comment.js HTTP/1.1" 304 - "http://localhost:8000/" "Mozilla/5.0 (Windows NT 10.0; WOW64) AppleWebKit/537.36 (KHTML, like Gecko) Chrome/95.0.4638.69 Safari/537.36"
::1 - - [08/Nov/2021:17:33:38 +0000] "GET /js/sign_inpage.js HTTP/1.1" 304 - "http://localhost:8000/" "Mozilla/5.0 (Windows NT 10.0; WOW64) AppleWebKit/537.36 (KHTML, like Gecko) Chrome/95.0.4638.69 Safari/537.36"
::1 - - [08/Nov/2021:17:33:38 +0000] "GET /js/sign_uppage.js HTTP/1.1" 304 - "http://localhost:8000/" "Mozilla/5.0 (Windows NT 10.0; WOW64) AppleWebKit/537.36 (KHTML, like Gecko) Chrome/95.0.4638.69 Safari/537.36"
::1 - - [08/Nov/2021:17:33:38 +0000] "GET /js/chat_engine.js HTTP/1.1" 304 - "http://localhost:8000/" "Mozilla/5.0 (Windows NT 10.0; WOW64) AppleWebKit/537.36 (KHTML, like Gecko) Chrome/95.0.4638.69 Safari/537.36"
::1 - - [08/Nov/2021:17:33:40 +0000] "GET / HTTP/1.1" 304 - "http://localhost:8000/" "Mozilla/5.0 (Windows NT 10.0; WOW64) AppleWebKit/537.36 (KHTML, like Gecko) Chrome/95.0.4638.69 Safari/537.36"
::1 - - [08/Nov/2021:17:33:40 +0000] "GET /css/layout.css HTTP/1.1" 200 64 "http://localhost:8000/" "Mozilla/5.0 (Windows NT 10.0; WOW64) AppleWebKit/537.36 (KHTML, like Gecko) Chrome/95.0.4638.69 Safari/537.36"
::1 - - [08/Nov/2021:17:33:40 +0000] "GET /css/footer.css HTTP/1.1" 200 - "http://localhost:8000/" "Mozilla/5.0 (Windows NT 10.0; WOW64) AppleWebKit/537.36 (KHTML, like Gecko) Chrome/95.0.4638.69 Safari/537.36"
::1 - - [08/Nov/2021:17:33:40 +0000] "GET /js/home_post.js HTTP/1.1" 304 - "http://localhost:8000/" "Mozilla/5.0 (Windows NT 10.0; WOW64) AppleWebKit/537.36 (KHTML, like Gecko) Chrome/95.0.4638.69 Safari/537.36"
::1 - - [08/Nov/2021:17:33:40 +0000] "GET /css/header.css HTTP/1.1" 200 449 "http://localhost:8000/" "Mozilla/5.0 (Windows NT 10.0; WOW64) AppleWebKit/537.36 (KHTML, like Gecko) Chrome/95.0.4638.69 Safari/537.36"
::1 - - [08/Nov/2021:17:33:40 +0000] "GET /css/home.css HTTP/1.1" 200 249 "http://localhost:8000/" "Mozilla/5.0 (Windows NT 10.0; WOW64) AppleWebKit/537.36 (KHTML, like Gecko) Chrome/95.0.4638.69 Safari/537.36"
::1 - - [08/Nov/2021:17:33:40 +0000] "GET /css/chat_box.css HTTP/1.1" 200 1299 "http://localhost:8000/" "Mozilla/5.0 (Windows NT 10.0; WOW64) AppleWebKit/537.36 (KHTML, like Gecko) Chrome/95.0.4638.69 Safari/537.36"
::1 - - [08/Nov/2021:17:33:40 +0000] "GET /js/home_Post_comment.js HTTP/1.1" 304 - "http://localhost:8000/" "Mozilla/5.0 (Windows NT 10.0; WOW64) AppleWebKit/537.36 (KHTML, like Gecko) Chrome/95.0.4638.69 Safari/537.36"
::1 - - [08/Nov/2021:17:33:40 +0000] "GET /js/sign_inpage.js HTTP/1.1" 304 - "http://localhost:8000/" "Mozilla/5.0 (Windows NT 10.0; WOW64) AppleWebKit/537.36 (KHTML, like Gecko) Chrome/95.0.4638.69 Safari/537.36"
::1 - - [08/Nov/2021:17:33:40 +0000] "GET /js/sign_uppage.js HTTP/1.1" 304 - "http://localhost:8000/" "Mozilla/5.0 (Windows NT 10.0; WOW64) AppleWebKit/537.36 (KHTML, like Gecko) Chrome/95.0.4638.69 Safari/537.36"
::1 - - [08/Nov/2021:17:33:40 +0000] "GET /js/chat_engine.js HTTP/1.1" 304 - "http://localhost:8000/" "Mozilla/5.0 (Windows NT 10.0; WOW64) AppleWebKit/537.36 (KHTML, like Gecko) Chrome/95.0.4638.69 Safari/537.36"
::1 - - [08/Nov/2021:17:33:44 +0000] "GET /user/sign-in HTTP/1.1" 200 64 "http://localhost:8000/" "Mozilla/5.0 (Windows NT 10.0; WOW64) AppleWebKit/537.36 (KHTML, like Gecko) Chrome/95.0.4638.69 Safari/537.36"
::1 - - [08/Nov/2021:17:33:48 +0000] "POST /user/create-session HTTP/1.1" 302 46 "http://localhost:8000/" "Mozilla/5.0 (Windows NT 10.0; WOW64) AppleWebKit/537.36 (KHTML, like Gecko) Chrome/95.0.4638.69 Safari/537.36"
::1 - - [08/Nov/2021:17:33:48 +0000] "GET / HTTP/1.1" 200 9703 "http://localhost:8000/" "Mozilla/5.0 (Windows NT 10.0; WOW64) AppleWebKit/537.36 (KHTML, like Gecko) Chrome/95.0.4638.69 Safari/537.36"
::1 - - [08/Nov/2021:17:33:49 +0000] "GET /css/layout.css HTTP/1.1" 304 - "http://localhost:8000/" "Mozilla/5.0 (Windows NT 10.0; WOW64) AppleWebKit/537.36 (KHTML, like Gecko) Chrome/95.0.4638.69 Safari/537.36"
::1 - - [08/Nov/2021:17:33:49 +0000] "GET /css/header.css HTTP/1.1" 304 - "http://localhost:8000/" "Mozilla/5.0 (Windows NT 10.0; WOW64) AppleWebKit/537.36 (KHTML, like Gecko) Chrome/95.0.4638.69 Safari/537.36"
::1 - - [08/Nov/2021:17:33:49 +0000] "GET /css/home.css HTTP/1.1" 304 - "http://localhost:8000/" "Mozilla/5.0 (Windows NT 10.0; WOW64) AppleWebKit/537.36 (KHTML, like Gecko) Chrome/95.0.4638.69 Safari/537.36"
::1 - - [08/Nov/2021:17:33:49 +0000] "GET /css/footer.css HTTP/1.1" 304 - "http://localhost:8000/" "Mozilla/5.0 (Windows NT 10.0; WOW64) AppleWebKit/537.36 (KHTML, like Gecko) Chrome/95.0.4638.69 Safari/537.36"
::1 - - [08/Nov/2021:17:33:49 +0000] "GET /css/chat_box.css HTTP/1.1" 304 - "http://localhost:8000/" "Mozilla/5.0 (Windows NT 10.0; WOW64) AppleWebKit/537.36 (KHTML, like Gecko) Chrome/95.0.4638.69 Safari/537.36"
::1 - - [08/Nov/2021:17:33:49 +0000] "GET /js/home_post.js HTTP/1.1" 304 - "http://localhost:8000/" "Mozilla/5.0 (Windows NT 10.0; WOW64) AppleWebKit/537.36 (KHTML, like Gecko) Chrome/95.0.4638.69 Safari/537.36"
::1 - - [08/Nov/2021:17:33:49 +0000] "GET /js/home_Post_comment.js HTTP/1.1" 304 - "http://localhost:8000/" "Mozilla/5.0 (Windows NT 10.0; WOW64) AppleWebKit/537.36 (KHTML, like Gecko) Chrome/95.0.4638.69 Safari/537.36"
::1 - - [08/Nov/2021:17:33:49 +0000] "GET /js/sign_inpage.js HTTP/1.1" 304 - "http://localhost:8000/" "Mozilla/5.0 (Windows NT 10.0; WOW64) AppleWebKit/537.36 (KHTML, like Gecko) Chrome/95.0.4638.69 Safari/537.36"
::1 - - [08/Nov/2021:17:33:49 +0000] "GET /js/sign_uppage.js HTTP/1.1" 304 - "http://localhost:8000/" "Mozilla/5.0 (Windows NT 10.0; WOW64) AppleWebKit/537.36 (KHTML, like Gecko) Chrome/95.0.4638.69 Safari/537.36"
::1 - - [08/Nov/2021:17:33:49 +0000] "GET /js/chat_engine.js HTTP/1.1" 304 - "http://localhost:8000/" "Mozilla/5.0 (Windows NT 10.0; WOW64) AppleWebKit/537.36 (KHTML, like Gecko) Chrome/95.0.4638.69 Safari/537.36"
::1 - - [08/Nov/2021:17:34:32 +0000] "GET / HTTP/1.1" 200 9428 "http://localhost:8000/" "Mozilla/5.0 (Windows NT 10.0; WOW64) AppleWebKit/537.36 (KHTML, like Gecko) Chrome/95.0.4638.69 Safari/537.36"
::1 - - [08/Nov/2021:17:34:32 +0000] "GET /js/home_post.js HTTP/1.1" 304 - "http://localhost:8000/" "Mozilla/5.0 (Windows NT 10.0; WOW64) AppleWebKit/537.36 (KHTML, like Gecko) Chrome/95.0.4638.69 Safari/537.36"
::1 - - [08/Nov/2021:17:34:32 +0000] "GET /js/home_Post_comment.js HTTP/1.1" 304 - "http://localhost:8000/" "Mozilla/5.0 (Windows NT 10.0; WOW64) AppleWebKit/537.36 (KHTML, like Gecko) Chrome/95.0.4638.69 Safari/537.36"
::1 - - [08/Nov/2021:17:34:32 +0000] "GET /js/sign_inpage.js HTTP/1.1" 304 - "http://localhost:8000/" "Mozilla/5.0 (Windows NT 10.0; WOW64) AppleWebKit/537.36 (KHTML, like Gecko) Chrome/95.0.4638.69 Safari/537.36"
::1 - - [08/Nov/2021:17:34:32 +0000] "GET /js/sign_uppage.js HTTP/1.1" 304 - "http://localhost:8000/" "Mozilla/5.0 (Windows NT 10.0; WOW64) AppleWebKit/537.36 (KHTML, like Gecko) Chrome/95.0.4638.69 Safari/537.36"
::1 - - [08/Nov/2021:17:34:32 +0000] "GET /js/chat_engine.js HTTP/1.1" 304 - "http://localhost:8000/" "Mozilla/5.0 (Windows NT 10.0; WOW64) AppleWebKit/537.36 (KHTML, like Gecko) Chrome/95.0.4638.69 Safari/537.36"
[0mGET / [32m200[0m 296.491 ms - 77134[0m
[0mGET /js/home_post.js [36m304[0m 5.478 ms - -[0m
[0mGET /js/home_Post_comment.js [36m304[0m 4.840 ms - -[0m
[0mGET /js/sign_inpage.js [36m304[0m 7.418 ms - -[0m
[0mGET /js/sign_uppage.js [36m304[0m 7.227 ms - -[0m
[0mGET /js/chat_engine.js [36m304[0m 2.224 ms - -[0m
[0mGET / [32m200[0m 342.184 ms - 77134[0m
[0mGET /js/home_post.js [32m200[0m 99.307 ms - 4907[0m
[0mGET /js/home_Post_comment.js [32m200[0m 7.835 ms - 3349[0m
[0mGET /js/sign_uppage.js [32m200[0m 6.222 ms - 1579[0m
[0mGET /js/sign_inpage.js [32m200[0m 11.995 ms - 1495[0m
[0mGET /js/chat_engine.js [32m200[0m 1.669 ms - 2827[0m
[0mGET /favicon.ico [33m404[0m 16.004 ms - 150[0m
[0mGET / [31m500[0m 268.984 ms - 2851[0m
[0mGET / [31m500[0m 185.722 ms - 2851[0m
[0mGET / [31m500[0m 167.921 ms - 2851[0m
[0mGET / [31m500[0m 196.274 ms - 2899[0m
[0mGET / [31m500[0m 163.271 ms - 2899[0m
[0mGET / [31m500[0m 129.664 ms - 2899[0m
[0mGET / [31m500[0m 139.535 ms - 2899[0m
[0mGET / [31m500[0m 165.590 ms - 2899[0m
[0mGET / [32m200[0m 218.392 ms - 77271[0m
[0mGET /js/home_post.js [36m304[0m 3.020 ms - -[0m
[0mGET /js/home_Post_comment.js [36m304[0m 4.721 ms - -[0m
[0mGET /js/sign_inpage.js [36m304[0m 4.244 ms - -[0m
[0mGET /js/sign_uppage.js [36m304[0m 3.910 ms - -[0m
[0mGET /js/chat_engine.js [36m304[0m 3.635 ms - -[0m
[0mGET / [32m200[0m 200.338 ms - 77414[0m
[0mGET /js/home_post.js [36m304[0m 3.491 ms - -[0m
[0mGET /js/home_Post_comment.js [36m304[0m 1.918 ms - -[0m
[0mGET /js/sign_inpage.js [36m304[0m 0.875 ms - -[0m
[0mGET /js/sign_uppage.js [36m304[0m 3.421 ms - -[0m
[0mGET /js/chat_engine.js [36m304[0m 1.640 ms - -[0m
[0mGET /css/layout.css [32m200[0m 10.296 ms - 64[0m
[0mGET /css/header.css [32m200[0m 12.472 ms - 449[0m
[0mGET /css/footer.css [32m200[0m 4.456 ms - -[0m
[0mGET /css/home.css [32m200[0m 4.723 ms - 249[0m
[0mGET /css/chat_box.css [32m200[0m 5.066 ms - 1299[0m
[0mGET / [36m304[0m 333.653 ms - -[0m
[0mGET /css/layout.css [36m304[0m 1.072 ms - -[0m
[0mGET /css/header.css [36m304[0m 1.026 ms - -[0m
[0mGET /css/footer.css [36m304[0m 4.591 ms - -[0m
[0mGET /css/home.css [36m304[0m 5.016 ms - -[0m
[0mGET /css/chat_box.css [36m304[0m 5.480 ms - -[0m
[0mGET /js/home_post.js [36m304[0m 6.962 ms - -[0m
[0mGET /js/home_Post_comment.js [36m304[0m 5.659 ms - -[0m
[0mGET /js/sign_inpage.js [36m304[0m 4.675 ms - -[0m
[0mGET /js/sign_uppage.js [36m304[0m 4.022 ms - -[0m
[0mGET /js/chat_engine.js [36m304[0m 3.728 ms - -[0m
[0mGET /user/sign-in [32m200[0m 5.103 ms - 64[0m
[0mPOST /user/create-session [36m302[0m 376.362 ms - 46[0m
[0mGET / [32m200[0m 306.714 ms - 139508[0m
[0mGET /css/layout.css [36m304[0m 1.743 ms - -[0m
[0mGET /css/header.css [36m304[0m 2.162 ms - -[0m
[0mGET /css/footer.css [36m304[0m 2.488 ms - -[0m
[0mGET /css/home.css [36m304[0m 2.821 ms - -[0m
[0mGET /css/chat_box.css [36m304[0m 3.156 ms - -[0m
[0mGET /js/home_post.js [36m304[0m 2.959 ms - -[0m
[0mGET /js/home_Post_comment.js [36m304[0m 2.522 ms - -[0m
[0mGET /js/sign_inpage.js [36m304[0m 2.044 ms - -[0m
[0mGET /js/sign_uppage.js [36m304[0m 1.478 ms - -[0m
[0mGET /js/chat_engine.js [36m304[0m 0.935 ms - -[0m
[0mGET /css/layout.css [36m304[0m 2.014 ms - -[0m
[0mGET / [32m200[0m 196.265 ms - 139233[0m
[0mGET /js/home_post.js [36m304[0m 10.640 ms - -[0m
[0mGET /js/home_Post_comment.js [36m304[0m 9.872 ms - -[0m
[0mGET /js/sign_inpage.js [36m304[0m 9.000 ms - -[0m
[0mGET /js/sign_uppage.js [36m304[0m 6.403 ms - -[0m
[0mGET /js/chat_engine.js [36m304[0m 1.004 ms - -[0m
[0mGET /user/sign-out [36m302[0m 21.561 ms - 46[0m
[0mGET / [32m200[0m 167.248 ms - 77677[0m
[0mGET /css/layout.css [32m200[0m 11.344 ms - 64[0m
[0mGET /css/header.css [32m200[0m 14.328 ms - 449[0m
[0mGET /css/footer.css [32m200[0m 14.929 ms - -[0m
[0mGET /css/home.css [32m200[0m 2.398 ms - 249[0m
[0mGET /css/chat_box.css [32m200[0m 2.678 ms - 1299[0m
[0mGET /js/home_post.js [36m304[0m 24.507 ms - -[0m
[0mGET /js/home_Post_comment.js [36m304[0m 24.835 ms - -[0m
[0mGET /js/sign_inpage.js [36m304[0m 21.342 ms - -[0m
[0mGET /js/sign_uppage.js [36m304[0m 18.782 ms - -[0m
[0mGET /js/chat_engine.js [36m304[0m 15.389 ms - -[0m
[0mGET / [32m200[0m 151.369 ms - 77414[0m
[0mGET /css/layout.css [36m304[0m 1.412 ms - -[0m
[0mGET /css/header.css [36m304[0m 5.864 ms - -[0m
[0mGET /css/footer.css [36m304[0m 4.581 ms - -[0m
[0mGET /css/home.css [36m304[0m 1.050 ms - -[0m
[0mGET /css/chat_box.css [36m304[0m 1.424 ms - -[0m
[0mGET /js/home_post.js [36m304[0m 6.224 ms - -[0m
[0mGET /js/home_Post_comment.js [36m304[0m 5.671 ms - -[0m
[0mGET /js/sign_inpage.js [36m304[0m 5.145 ms - -[0m
[0mGET /js/sign_uppage.js [36m304[0m 4.706 ms - -[0m
[0mGET /js/chat_engine.js [36m304[0m 4.287 ms - -[0m
::1 - - [09/Nov/2021:15:59:53 +0000] "GET / HTTP/1.1" 200 7548 "http://localhost:8000/" "Mozilla/5.0 (Windows NT 10.0; WOW64) AppleWebKit/537.36 (KHTML, like Gecko) Chrome/95.0.4638.69 Safari/537.36"
::1 - - [09/Nov/2021:15:59:53 +0000] "GET /css/layout.css HTTP/1.1" 404 153 "http://localhost:8000/" "Mozilla/5.0 (Windows NT 10.0; WOW64) AppleWebKit/537.36 (KHTML, like Gecko) Chrome/95.0.4638.69 Safari/537.36"
::1 - - [09/Nov/2021:15:59:53 +0000] "GET /css/header.css HTTP/1.1" 404 153 "http://localhost:8000/" "Mozilla/5.0 (Windows NT 10.0; WOW64) AppleWebKit/537.36 (KHTML, like Gecko) Chrome/95.0.4638.69 Safari/537.36"
::1 - - [09/Nov/2021:15:59:54 +0000] "GET /css/footer.css HTTP/1.1" 404 153 "http://localhost:8000/" "Mozilla/5.0 (Windows NT 10.0; WOW64) AppleWebKit/537.36 (KHTML, like Gecko) Chrome/95.0.4638.69 Safari/537.36"
::1 - - [09/Nov/2021:15:59:54 +0000] "GET /js/home_post.js HTTP/1.1" 404 154 "http://localhost:8000/" "Mozilla/5.0 (Windows NT 10.0; WOW64) AppleWebKit/537.36 (KHTML, like Gecko) Chrome/95.0.4638.69 Safari/537.36"
::1 - - [09/Nov/2021:15:59:54 +0000] "GET /css/home.css HTTP/1.1" 404 151 "http://localhost:8000/" "Mozilla/5.0 (Windows NT 10.0; WOW64) AppleWebKit/537.36 (KHTML, like Gecko) Chrome/95.0.4638.69 Safari/537.36"
::1 - - [09/Nov/2021:15:59:54 +0000] "GET /css/chat_box.css HTTP/1.1" 404 155 "http://localhost:8000/" "Mozilla/5.0 (Windows NT 10.0; WOW64) AppleWebKit/537.36 (KHTML, like Gecko) Chrome/95.0.4638.69 Safari/537.36"
::1 - - [09/Nov/2021:15:59:54 +0000] "GET /js/sign_inpage.js HTTP/1.1" 404 156 "http://localhost:8000/" "Mozilla/5.0 (Windows NT 10.0; WOW64) AppleWebKit/537.36 (KHTML, like Gecko) Chrome/95.0.4638.69 Safari/537.36"
::1 - - [09/Nov/2021:15:59:54 +0000] "GET /js/home_Post_comment.js HTTP/1.1" 404 162 "http://localhost:8000/" "Mozilla/5.0 (Windows NT 10.0; WOW64) AppleWebKit/537.36 (KHTML, like Gecko) Chrome/95.0.4638.69 Safari/537.36"
::1 - - [09/Nov/2021:15:59:54 +0000] "GET /js/sign_uppage.js HTTP/1.1" 404 156 "http://localhost:8000/" "Mozilla/5.0 (Windows NT 10.0; WOW64) AppleWebKit/537.36 (KHTML, like Gecko) Chrome/95.0.4638.69 Safari/537.36"
::1 - - [09/Nov/2021:15:59:54 +0000] "GET /js/chat_engine.js HTTP/1.1" 404 156 "http://localhost:8000/" "Mozilla/5.0 (Windows NT 10.0; WOW64) AppleWebKit/537.36 (KHTML, like Gecko) Chrome/95.0.4638.69 Safari/537.36"
::1 - - [09/Nov/2021:15:59:54 +0000] "GET /js/sign_inpage.js HTTP/1.1" 404 156 "http://localhost:8000/" "Mozilla/5.0 (Windows NT 10.0; WOW64) AppleWebKit/537.36 (KHTML, like Gecko) Chrome/95.0.4638.69 Safari/537.36"
::1 - - [09/Nov/2021:15:59:54 +0000] "GET /js/sign_uppage.js HTTP/1.1" 404 156 "http://localhost:8000/" "Mozilla/5.0 (Windows NT 10.0; WOW64) AppleWebKit/537.36 (KHTML, like Gecko) Chrome/95.0.4638.69 Safari/537.36"
::1 - - [09/Nov/2021:15:59:54 +0000] "GET /js/chat_engine.js HTTP/1.1" 404 156 "http://localhost:8000/" "Mozilla/5.0 (Windows NT 10.0; WOW64) AppleWebKit/537.36 (KHTML, like Gecko) Chrome/95.0.4638.69 Safari/537.36"
::1 - - [09/Nov/2021:15:59:57 +0000] "GET /user/sign-in HTTP/1.1" 200 4520 "http://localhost:8000/" "Mozilla/5.0 (Windows NT 10.0; WOW64) AppleWebKit/537.36 (KHTML, like Gecko) Chrome/95.0.4638.69 Safari/537.36"
::1 - - [09/Nov/2021:15:59:57 +0000] "GET /user/css/layout.css HTTP/1.1" 404 158 "http://localhost:8000/user/sign-in" "Mozilla/5.0 (Windows NT 10.0; WOW64) AppleWebKit/537.36 (KHTML, like Gecko) Chrome/95.0.4638.69 Safari/537.36"
::1 - - [09/Nov/2021:15:59:57 +0000] "GET /user/css/header.css HTTP/1.1" 404 158 "http://localhost:8000/user/sign-in" "Mozilla/5.0 (Windows NT 10.0; WOW64) AppleWebKit/537.36 (KHTML, like Gecko) Chrome/95.0.4638.69 Safari/537.36"
::1 - - [09/Nov/2021:15:59:57 +0000] "GET /user/css/footer.css HTTP/1.1" 404 158 "http://localhost:8000/user/sign-in" "Mozilla/5.0 (Windows NT 10.0; WOW64) AppleWebKit/537.36 (KHTML, like Gecko) Chrome/95.0.4638.69 Safari/537.36"
::1 - - [09/Nov/2021:16:00:02 +0000] "POST /user/create-session HTTP/1.1" 302 46 "http://localhost:8000/user/sign-in" "Mozilla/5.0 (Windows NT 10.0; WOW64) AppleWebKit/537.36 (KHTML, like Gecko) Chrome/95.0.4638.69 Safari/537.36"
::1 - - [09/Nov/2021:16:00:02 +0000] "GET / HTTP/1.1" 200 9983 "http://localhost:8000/user/sign-in" "Mozilla/5.0 (Windows NT 10.0; WOW64) AppleWebKit/537.36 (KHTML, like Gecko) Chrome/95.0.4638.69 Safari/537.36"
::1 - - [09/Nov/2021:16:00:02 +0000] "GET /css/chat_box.css HTTP/1.1" 404 155 "http://localhost:8000/" "Mozilla/5.0 (Windows NT 10.0; WOW64) AppleWebKit/537.36 (KHTML, like Gecko) Chrome/95.0.4638.69 Safari/537.36"
::1 - - [09/Nov/2021:16:00:02 +0000] "GET /css/home.css HTTP/1.1" 404 151 "http://localhost:8000/" "Mozilla/5.0 (Windows NT 10.0; WOW64) AppleWebKit/537.36 (KHTML, like Gecko) Chrome/95.0.4638.69 Safari/537.36"
::1 - - [09/Nov/2021:16:00:02 +0000] "GET /js/home_Post_comment.js HTTP/1.1" 404 162 "http://localhost:8000/" "Mozilla/5.0 (Windows NT 10.0; WOW64) AppleWebKit/537.36 (KHTML, like Gecko) Chrome/95.0.4638.69 Safari/537.36"
::1 - - [09/Nov/2021:16:00:02 +0000] "GET /css/layout.css HTTP/1.1" 404 153 "http://localhost:8000/" "Mozilla/5.0 (Windows NT 10.0; WOW64) AppleWebKit/537.36 (KHTML, like Gecko) Chrome/95.0.4638.69 Safari/537.36"
::1 - - [09/Nov/2021:16:00:02 +0000] "GET /css/header.css HTTP/1.1" 404 153 "http://localhost:8000/" "Mozilla/5.0 (Windows NT 10.0; WOW64) AppleWebKit/537.36 (KHTML, like Gecko) Chrome/95.0.4638.69 Safari/537.36"
::1 - - [09/Nov/2021:16:00:02 +0000] "GET /css/footer.css HTTP/1.1" 404 153 "http://localhost:8000/" "Mozilla/5.0 (Windows NT 10.0; WOW64) AppleWebKit/537.36 (KHTML, like Gecko) Chrome/95.0.4638.69 Safari/537.36"
::1 - - [09/Nov/2021:16:00:02 +0000] "GET /js/home_post.js HTTP/1.1" 404 154 "http://localhost:8000/" "Mozilla/5.0 (Windows NT 10.0; WOW64) AppleWebKit/537.36 (KHTML, like Gecko) Chrome/95.0.4638.69 Safari/537.36"
::1 - - [09/Nov/2021:16:00:02 +0000] "GET /js/sign_inpage.js HTTP/1.1" 404 156 "http://localhost:8000/" "Mozilla/5.0 (Windows NT 10.0; WOW64) AppleWebKit/537.36 (KHTML, like Gecko) Chrome/95.0.4638.69 Safari/537.36"
::1 - - [09/Nov/2021:16:00:02 +0000] "GET /js/chat_engine.js HTTP/1.1" 404 156 "http://localhost:8000/" "Mozilla/5.0 (Windows NT 10.0; WOW64) AppleWebKit/537.36 (KHTML, like Gecko) Chrome/95.0.4638.69 Safari/537.36"
::1 - - [09/Nov/2021:16:00:02 +0000] "GET /js/sign_uppage.js HTTP/1.1" 404 156 "http://localhost:8000/" "Mozilla/5.0 (Windows NT 10.0; WOW64) AppleWebKit/537.36 (KHTML, like Gecko) Chrome/95.0.4638.69 Safari/537.36"
::1 - - [09/Nov/2021:16:00:02 +0000] "GET /js/home_Post_comment.js HTTP/1.1" 404 162 "http://localhost:8000/" "Mozilla/5.0 (Windows NT 10.0; WOW64) AppleWebKit/537.36 (KHTML, like Gecko) Chrome/95.0.4638.69 Safari/537.36"
::1 - - [09/Nov/2021:16:00:02 +0000] "GET /js/sign_inpage.js HTTP/1.1" 404 156 "http://localhost:8000/" "Mozilla/5.0 (Windows NT 10.0; WOW64) AppleWebKit/537.36 (KHTML, like Gecko) Chrome/95.0.4638.69 Safari/537.36"
::1 - - [09/Nov/2021:16:00:02 +0000] "GET /js/sign_uppage.js HTTP/1.1" 404 156 "http://localhost:8000/" "Mozilla/5.0 (Windows NT 10.0; WOW64) AppleWebKit/537.36 (KHTML, like Gecko) Chrome/95.0.4638.69 Safari/537.36"
::1 - - [09/Nov/2021:16:00:02 +0000] "GET /js/chat_engine.js HTTP/1.1" 404 156 "http://localhost:8000/" "Mozilla/5.0 (Windows NT 10.0; WOW64) AppleWebKit/537.36 (KHTML, like Gecko) Chrome/95.0.4638.69 Safari/537.36"
